# JRE version: OpenJDK Runtime Environment Temurin-17.0.4+8 (17.0.4+8) (build 17.0.4+8)
# Java VM: OpenJDK 64-Bit Server VM Temurin-17.0.4+8 (17.0.4+8, mixed mode, emulated-client, tiered, compressed oops, compressed class ptrs, g1 gc, windows-amd64)
GC Precious Log:
 CPUs: 4 total, 4 available
 Memory: 8073M
 Large Page Support: Disabled
 NUMA Support: Disabled
 Compressed Oops: Enabled (32-bit)
 Heap Region Size: 1M
 Heap Min Capacity: 8M
 Heap Initial Capacity: 128M
 Heap Max Capacity: 2020M
 Pre-touch: Disabled
 Parallel Workers: 4
 Concurrent Workers: 1
 Concurrent Refinement Workers: 4
 Periodic GC: Disabled
Heap:
 garbage-first heap   total 152576K, used 56397K [0x0000000081c00000, 0x0000000100000000)
  region size 1024K, 3 young (3072K), 3 survivors (3072K)
 Metaspace       used 79541K, committed 80064K, reserved 1122304K
  class space    used 10922K, committed 11136K, reserved 1048576K
GC Heap History (20 events):
Event: 25.645 GC heap after
{Heap after GC invocations=39 (full 0):
 garbage-first heap   total 84992K, used 39839K [0x0000000081c00000, 0x0000000100000000)
  region size 1024K, 2 young (2048K), 2 survivors (2048K)
 Metaspace       used 56391K, committed 56832K, reserved 1105920K
  class space    used 7267K, committed 7488K, reserved 1048576K
}
Event: 26.201 GC heap before
{Heap before GC invocations=40 (full 0):
 garbage-first heap   total 84992K, used 70559K [0x0000000081c00000, 0x0000000100000000)
  region size 1024K, 32 young (32768K), 2 survivors (2048K)
 Metaspace       used 56823K, committed 57216K, reserved 1105920K
  class space    used 7309K, committed 7488K, reserved 1048576K
}
Event: 26.208 GC heap after
{Heap after GC invocations=41 (full 0):
 garbage-first heap   total 84992K, used 40306K [0x0000000081c00000, 0x0000000100000000)
  region size 1024K, 3 young (3072K), 3 survivors (3072K)
 Metaspace       used 56823K, committed 57216K, reserved 1105920K
  class space    used 7309K, committed 7488K, reserved 1048576K
}
Event: 26.227 GC heap before
{Heap before GC invocations=41 (full 0):
 garbage-first heap   total 84992K, used 41330K [0x0000000081c00000, 0x0000000100000000)
  region size 1024K, 4 young (4096K), 3 survivors (3072K)
 Metaspace       used 56826K, committed 57216K, reserved 1105920K
  class space    used 7310K, committed 7488K, reserved 1048576K
}
Event: 26.240 GC heap after
{Heap after GC invocations=42 (full 0):
 garbage-first heap   total 152576K, used 40065K [0x0000000081c00000, 0x0000000100000000)
  region size 1024K, 1 young (1024K), 1 survivors (1024K)
 Metaspace       used 56826K, committed 57216K, reserved 1105920K
  class space    used 7310K, committed 7488K, reserved 1048576K
}
Event: 28.313 GC heap before
{Heap before GC invocations=42 (full 0):
 garbage-first heap   total 152576K, used 129153K [0x0000000081c00000, 0x0000000100000000)
  region size 1024K, 88 young (90112K), 1 survivors (1024K)
 Metaspace       used 57946K, committed 58368K, reserved 1105920K
  class space    used 7496K, committed 7680K, reserved 1048576K
}
Event: 28.323 GC heap after
{Heap after GC invocations=43 (full 0):
 garbage-first heap   total 152576K, used 42050K [0x0000000081c00000, 0x0000000100000000)
  region size 1024K, 3 young (3072K), 3 survivors (3072K)
 Metaspace       used 57946K, committed 58368K, reserved 1105920K
  class space    used 7496K, committed 7680K, reserved 1048576K
}
Event: 32.241 GC heap before
{Heap before GC invocations=43 (full 0):
 garbage-first heap   total 152576K, used 127042K [0x0000000081c00000, 0x0000000100000000)
  region size 1024K, 86 young (88064K), 3 survivors (3072K)
 Metaspace       used 72297K, committed 72768K, reserved 1114112K
  class space    used 9811K, committed 10048K, reserved 1048576K
}
Event: 32.255 GC heap after
{Heap after GC invocations=44 (full 0):
 garbage-first heap   total 152576K, used 45882K [0x0000000081c00000, 0x0000000100000000)
  region size 1024K, 7 young (7168K), 7 survivors (7168K)
 Metaspace       used 72297K, committed 72768K, reserved 1114112K
  class space    used 9811K, committed 10048K, reserved 1048576K
}
Event: 34.216 GC heap before
{Heap before GC invocations=45 (full 0):
 garbage-first heap   total 152576K, used 126778K [0x0000000081c00000, 0x0000000100000000)
  region size 1024K, 86 young (88064K), 7 survivors (7168K)
 Metaspace       used 75739K, committed 76224K, reserved 1122304K
  class space    used 10345K, committed 10560K, reserved 1048576K
}
Event: 34.234 GC heap after
{Heap after GC invocations=46 (full 0):
 garbage-first heap   total 152576K, used 49745K [0x0000000081c00000, 0x0000000100000000)
  region size 1024K, 8 young (8192K), 8 survivors (8192K)
 Metaspace       used 75739K, committed 76224K, reserved 1122304K
  class space    used 10345K, committed 10560K, reserved 1048576K
}
Event: 34.249 GC heap before
{Heap before GC invocations=46 (full 0):
 garbage-first heap   total 152576K, used 50769K [0x0000000081c00000, 0x0000000100000000)
  region size 1024K, 9 young (9216K), 8 survivors (8192K)
 Metaspace       used 75739K, committed 76224K, reserved 1122304K
  class space    used 10345K, committed 10560K, reserved 1048576K
}
Event: 34.283 GC heap after
{Heap after GC invocations=47 (full 0):
 garbage-first heap   total 152576K, used 49737K [0x0000000081c00000, 0x0000000100000000)
  region size 1024K, 1 young (1024K), 1 survivors (1024K)
 Metaspace       used 75739K, committed 76224K, reserved 1122304K
  class space    used 10345K, committed 10560K, reserved 1048576K
}
Event: 36.348 GC heap before
{Heap before GC invocations=47 (full 0):
 garbage-first heap   total 152576K, used 126537K [0x0000000081c00000, 0x0000000100000000)
  region size 1024K, 77 young (78848K), 1 survivors (1024K)
 Metaspace       used 77079K, committed 77632K, reserved 1122304K
  class space    used 10546K, committed 10816K, reserved 1048576K
}
Event: 36.358 GC heap after
{Heap after GC invocations=48 (full 0):
 garbage-first heap   total 152576K, used 52129K [0x0000000081c00000, 0x0000000100000000)
  region size 1024K, 4 young (4096K), 4 survivors (4096K)
 Metaspace       used 77079K, committed 77632K, reserved 1122304K
  class space    used 10546K, committed 10816K, reserved 1048576K
}
Event: 37.913 GC heap before
{Heap before GC invocations=49 (full 0):
 garbage-first heap   total 152576K, used 126881K [0x0000000081c00000, 0x0000000100000000)
  region size 1024K, 77 young (78848K), 4 survivors (4096K)
 Metaspace       used 78479K, committed 79040K, reserved 1122304K
  class space    used 10745K, committed 11008K, reserved 1048576K
}
Event: 37.928 GC heap after
{Heap after GC invocations=50 (full 0):
 garbage-first heap   total 152576K, used 54848K [0x0000000081c00000, 0x0000000100000000)
  region size 1024K, 6 young (6144K), 6 survivors (6144K)
 Metaspace       used 78479K, committed 79040K, reserved 1122304K
  class space    used 10745K, committed 11008K, reserved 1048576K
}
Event: 37.952 GC heap before
{Heap before GC invocations=50 (full 0):
 garbage-first heap   total 152576K, used 55872K [0x0000000081c00000, 0x0000000100000000)
  region size 1024K, 7 young (7168K), 6 survivors (6144K)
 Metaspace       used 78502K, committed 79040K, reserved 1122304K
  class space    used 10750K, committed 11008K, reserved 1048576K
}
Event: 37.967 GC heap after
{Heap after GC invocations=51 (full 0):
 garbage-first heap   total 152576K, used 55035K [0x0000000081c00000, 0x0000000100000000)
  region size 1024K, 1 young (1024K), 1 survivors (1024K)
 Metaspace       used 78502K, committed 79040K, reserved 1122304K
  class space    used 10750K, committed 11008K, reserved 1048576K
}
Event: 39.324 GC heap before
{Heap before GC invocations=51 (full 0):
 garbage-first heap   total 152576K, used 128763K [0x0000000081c00000, 0x0000000100000000)
  region size 1024K, 73 young (74752K), 1 survivors (1024K)
 Metaspace       used 79541K, committed 80064K, reserved 1122304K
  class space    used 10922K, committed 11136K, reserved 1048576K
}

